Flat profile:

Each sample counts as 0.01 seconds.
 no time accumulated

  %   cumulative   self              self     total           
 time   seconds   seconds    calls  Ts/call  Ts/call  name    
  0.00      0.00     0.00    27856     0.00     0.00  slist_Add
  0.00      0.00     0.00      970     0.00     0.00  slist_Clear
  0.00      0.00     0.00      425     0.00     0.00  slist_RevertTo
  0.00      0.00     0.00      333     0.00     0.00  slist_Dispose
  0.00      0.00     0.00      333     0.00     0.00  slist_Init
  0.00      0.00     0.00      312     0.00     0.00  slist_Revert
  0.00      0.00     0.00      112     0.00     0.00  slist_CopyTo
  0.00      0.00     0.00      104     0.00     0.00  lnum_DigitAdd
  0.00      0.00     0.00      101     0.00     0.00  lnum_DigitsSum
  0.00      0.00     0.00      101     0.00     0.00  printDigit
  0.00      0.00     0.00       99     0.00     0.00  lnum_DigitsMultLongShort
  0.00      0.00     0.00       17     0.00     0.00  lnum_Dispose
  0.00      0.00     0.00       17     0.00     0.00  lnum_Init
  0.00      0.00     0.00       13     0.00     0.00  lnum_CloneDelegate
  0.00      0.00     0.00       10     0.00     0.00  lnum_Clear
  0.00      0.00     0.00        7     0.00     0.00  lnum_DisposeDelegate
  0.00      0.00     0.00        7     0.00     0.00  stack_Push
  0.00      0.00     0.00        6     0.00     0.00  slist_Remove
  0.00      0.00     0.00        6     0.00     0.00  stack_Pop
  0.00      0.00     0.00        6     0.00     0.00  stack_Top
  0.00      0.00     0.00        3     0.00     0.00  doOperation
  0.00      0.00     0.00        2     0.00     0.00  lnum_Sum
  0.00      0.00     0.00        1     0.00     0.00  lnum_DigitsMultLongLong
  0.00      0.00     0.00        1     0.00     0.00  lnum_Mult
  0.00      0.00     0.00        1     0.00     0.00  lnum_Print
  0.00      0.00     0.00        1     0.00     0.00  memFree
  0.00      0.00     0.00        1     0.00     0.00  printStack
  0.00      0.00     0.00        1     0.00     0.00  slist_Foreach
  0.00      0.00     0.00        1     0.00     0.00  stack_Clear
  0.00      0.00     0.00        1     0.00     0.00  stack_Dispose
  0.00      0.00     0.00        1     0.00     0.00  stack_Init

 %         the percentage of the total running time of the
time       program used by this function.

cumulative a running sum of the number of seconds accounted
 seconds   for by this function and those listed above it.

 self      the number of seconds accounted for by this
seconds    function alone.  This is the major sort for this
           listing.

calls      the number of times this function was invoked, if
           this function is profiled, else blank.
 
 self      the average number of milliseconds spent in this
ms/call    function per call, if this function is profiled,
	   else blank.

 total     the average number of milliseconds spent in this
ms/call    function and its descendents per call, if this 
	   function is profiled, else blank.

name       the name of the function.  This is the minor sort
           for this listing. The index shows the location of
	   the function in the gprof listing. If the index is
	   in parenthesis it shows where it would appear in
	   the gprof listing if it were to be printed.

		     Call graph (explanation follows)


granularity: each sample hit covers 2 byte(s) no time propagated

index % time    self  children    called     name
[1]      0.0    0.00    0.00     969+358     <cycle 1 as a whole> [1]
                0.00    0.00     970             slist_Clear <cycle 1> [4]
                0.00    0.00     333             slist_Dispose <cycle 1> [6]
                0.00    0.00      17             lnum_Dispose <cycle 1> [14]
                0.00    0.00       7             lnum_DisposeDelegate <cycle 1> [18]
-----------------------------------------------
[2]      0.0    0.00    0.00   10912+17806   <cycle 2 as a whole> [2]
                0.00    0.00   27856             slist_Add <cycle 2> [3]
                0.00    0.00     425             slist_RevertTo <cycle 2> [5]
                0.00    0.00     312             slist_Revert <cycle 2> [8]
                0.00    0.00     112             slist_CopyTo <cycle 2> [9]
                0.00    0.00      13             lnum_CloneDelegate <cycle 2> [16]
-----------------------------------------------
                               17250             slist_RevertTo <cycle 2> [5]
                0.00    0.00       7/10912       stack_Push [19]
                0.00    0.00     104/10912       lnum_DigitAdd [10]
                0.00    0.00     297/10912       lnum_DigitsMultLongShort [13]
                0.00    0.00    4852/10912       lnum_DigitsMultLongLong [25]
                0.00    0.00    5346/10912       lnum_DigitsSum [11]
[3]      0.0    0.00    0.00   27856         slist_Add <cycle 2> [3]
                                   7             lnum_CloneDelegate <cycle 2> [16]
-----------------------------------------------
                                 333             slist_Dispose <cycle 1> [6]
                0.00    0.00       1/969         lnum_DigitsMultLongLong [25]
                0.00    0.00       1/969         stack_Clear [31]
                0.00    0.00      10/969         lnum_Clear [17]
                0.00    0.00      99/969         lnum_DigitsMultLongShort [13]
                0.00    0.00     101/969         lnum_DigitsSum [11]
                0.00    0.00     425/969         slist_RevertTo <cycle 2> [5]
[4]      0.0    0.00    0.00     970         slist_Clear <cycle 1> [4]
                                   1             lnum_DisposeDelegate <cycle 1> [18]
-----------------------------------------------
                                 112             slist_CopyTo <cycle 2> [9]
                                 312             slist_Revert <cycle 2> [8]
                0.00    0.00       1/10912       lnum_Print [27]
[5]      0.0    0.00    0.00     425         slist_RevertTo <cycle 2> [5]
                0.00    0.00     425/969         slist_Clear <cycle 1> [4]
                               17250             slist_Add <cycle 2> [3]
-----------------------------------------------
                                  17             lnum_Dispose <cycle 1> [14]
                0.00    0.00       1/969         lnum_Print [27]
                0.00    0.00       1/969         stack_Dispose [32]
                0.00    0.00       2/969         lnum_DigitsMultLongLong [25]
                0.00    0.00     312/969         slist_Revert <cycle 2> [8]
[6]      0.0    0.00    0.00     333         slist_Dispose <cycle 1> [6]
                                 333             slist_Clear <cycle 1> [4]
-----------------------------------------------
                0.00    0.00       1/333         lnum_Print [27]
                0.00    0.00       1/333         stack_Init [33]
                0.00    0.00       2/333         lnum_DigitsMultLongLong [25]
                0.00    0.00      17/333         lnum_Init [15]
                0.00    0.00     312/333         slist_Revert <cycle 2> [8]
[7]      0.0    0.00    0.00     333         slist_Init [7]
-----------------------------------------------
                                 112             slist_CopyTo <cycle 2> [9]
                0.00    0.00       2/10912       lnum_Sum [24]
                0.00    0.00      99/10912       lnum_DigitsMultLongLong [25]
                0.00    0.00      99/10912       lnum_DigitsMultLongShort [13]
[8]      0.0    0.00    0.00     312         slist_Revert <cycle 2> [8]
                0.00    0.00     312/333         slist_Init [7]
                0.00    0.00     312/969         slist_Dispose <cycle 1> [6]
                                 312             slist_RevertTo <cycle 2> [5]
-----------------------------------------------
                                  13             lnum_CloneDelegate <cycle 2> [16]
                0.00    0.00      99/10912       lnum_DigitsMultLongLong [25]
[9]      0.0    0.00    0.00     112         slist_CopyTo <cycle 2> [9]
                                 112             slist_Revert <cycle 2> [8]
                                 112             slist_RevertTo <cycle 2> [5]
-----------------------------------------------
                0.00    0.00     104/104         main [47]
[10]     0.0    0.00    0.00     104         lnum_DigitAdd [10]
                0.00    0.00     104/10912       slist_Add <cycle 2> [3]
-----------------------------------------------
                0.00    0.00       2/101         lnum_Sum [24]
                0.00    0.00      99/101         lnum_DigitsMultLongLong [25]
[11]     0.0    0.00    0.00     101         lnum_DigitsSum [11]
                0.00    0.00    5346/10912       slist_Add <cycle 2> [3]
                0.00    0.00     101/969         slist_Clear <cycle 1> [4]
-----------------------------------------------
                0.00    0.00     101/101         slist_Foreach [30]
[12]     0.0    0.00    0.00     101         printDigit [12]
-----------------------------------------------
                0.00    0.00      99/99          lnum_DigitsMultLongLong [25]
[13]     0.0    0.00    0.00      99         lnum_DigitsMultLongShort [13]
                0.00    0.00     297/10912       slist_Add <cycle 2> [3]
                0.00    0.00      99/969         slist_Clear <cycle 1> [4]
                0.00    0.00      99/10912       slist_Revert <cycle 2> [8]
-----------------------------------------------
                                   7             lnum_DisposeDelegate <cycle 1> [18]
                0.00    0.00       4/969         memFree [28]
                0.00    0.00       6/969         doOperation [23]
[14]     0.0    0.00    0.00      17         lnum_Dispose <cycle 1> [14]
                                  17             slist_Dispose <cycle 1> [6]
-----------------------------------------------
                0.00    0.00       4/17          main [47]
                0.00    0.00      13/17          lnum_CloneDelegate <cycle 2> [16]
[15]     0.0    0.00    0.00      17         lnum_Init [15]
                0.00    0.00      17/333         slist_Init [7]
-----------------------------------------------
                                   7             slist_Add <cycle 2> [3]
                0.00    0.00       6/10912       stack_Top [22]
[16]     0.0    0.00    0.00      13         lnum_CloneDelegate <cycle 2> [16]
                0.00    0.00      13/17          lnum_Init [15]
                                  13             slist_CopyTo <cycle 2> [9]
-----------------------------------------------
                0.00    0.00       1/10          lnum_Mult [26]
                0.00    0.00       2/10          lnum_Sum [24]
                0.00    0.00       3/10          doOperation [23]
                0.00    0.00       4/10          main [47]
[17]     0.0    0.00    0.00      10         lnum_Clear [17]
                0.00    0.00      10/969         slist_Clear <cycle 1> [4]
-----------------------------------------------
                                   1             slist_Clear <cycle 1> [4]
                0.00    0.00       6/969         slist_Remove [20]
[18]     0.0    0.00    0.00       7         lnum_DisposeDelegate <cycle 1> [18]
                                   7             lnum_Dispose <cycle 1> [14]
-----------------------------------------------
                0.00    0.00       3/7           doOperation [23]
                0.00    0.00       4/7           main [47]
[19]     0.0    0.00    0.00       7         stack_Push [19]
                0.00    0.00       7/10912       slist_Add <cycle 2> [3]
-----------------------------------------------
                0.00    0.00       6/6           stack_Pop [21]
[20]     0.0    0.00    0.00       6         slist_Remove [20]
                0.00    0.00       6/969         lnum_DisposeDelegate <cycle 1> [18]
-----------------------------------------------
                0.00    0.00       6/6           doOperation [23]
[21]     0.0    0.00    0.00       6         stack_Pop [21]
                0.00    0.00       6/6           stack_Top [22]
                0.00    0.00       6/6           slist_Remove [20]
-----------------------------------------------
                0.00    0.00       6/6           stack_Pop [21]
[22]     0.0    0.00    0.00       6         stack_Top [22]
                0.00    0.00       6/10912       lnum_CloneDelegate <cycle 2> [16]
-----------------------------------------------
                0.00    0.00       3/3           main [47]
[23]     0.0    0.00    0.00       3         doOperation [23]
                0.00    0.00       6/969         lnum_Dispose <cycle 1> [14]
                0.00    0.00       6/6           stack_Pop [21]
                0.00    0.00       3/10          lnum_Clear [17]
                0.00    0.00       3/7           stack_Push [19]
                0.00    0.00       2/2           lnum_Sum [24]
                0.00    0.00       1/1           lnum_Mult [26]
-----------------------------------------------
                0.00    0.00       2/2           doOperation [23]
[24]     0.0    0.00    0.00       2         lnum_Sum [24]
                0.00    0.00       2/10          lnum_Clear [17]
                0.00    0.00       2/101         lnum_DigitsSum [11]
                0.00    0.00       2/10912       slist_Revert <cycle 2> [8]
-----------------------------------------------
                0.00    0.00       1/1           lnum_Mult [26]
[25]     0.0    0.00    0.00       1         lnum_DigitsMultLongLong [25]
                0.00    0.00    4852/10912       slist_Add <cycle 2> [3]
                0.00    0.00      99/99          lnum_DigitsMultLongShort [13]
                0.00    0.00      99/10912       slist_CopyTo <cycle 2> [9]
                0.00    0.00      99/101         lnum_DigitsSum [11]
                0.00    0.00      99/10912       slist_Revert <cycle 2> [8]
                0.00    0.00       2/333         slist_Init [7]
                0.00    0.00       2/969         slist_Dispose <cycle 1> [6]
                0.00    0.00       1/969         slist_Clear <cycle 1> [4]
-----------------------------------------------
                0.00    0.00       1/1           doOperation [23]
[26]     0.0    0.00    0.00       1         lnum_Mult [26]
                0.00    0.00       1/10          lnum_Clear [17]
                0.00    0.00       1/1           lnum_DigitsMultLongLong [25]
-----------------------------------------------
                0.00    0.00       1/1           printStack [29]
[27]     0.0    0.00    0.00       1         lnum_Print [27]
                0.00    0.00       1/333         slist_Init [7]
                0.00    0.00       1/10912       slist_RevertTo <cycle 2> [5]
                0.00    0.00       1/969         slist_Dispose <cycle 1> [6]
                0.00    0.00       1/1           slist_Foreach [30]
-----------------------------------------------
                0.00    0.00       1/1           main [47]
[28]     0.0    0.00    0.00       1         memFree [28]
                0.00    0.00       4/969         lnum_Dispose <cycle 1> [14]
                0.00    0.00       1/1           stack_Dispose [32]
-----------------------------------------------
                0.00    0.00       1/1           main [47]
[29]     0.0    0.00    0.00       1         printStack [29]
                0.00    0.00       1/1           lnum_Print [27]
-----------------------------------------------
                0.00    0.00       1/1           lnum_Print [27]
[30]     0.0    0.00    0.00       1         slist_Foreach [30]
                0.00    0.00     101/101         printDigit [12]
-----------------------------------------------
                0.00    0.00       1/1           stack_Dispose [32]
[31]     0.0    0.00    0.00       1         stack_Clear [31]
                0.00    0.00       1/969         slist_Clear <cycle 1> [4]
-----------------------------------------------
                0.00    0.00       1/1           memFree [28]
[32]     0.0    0.00    0.00       1         stack_Dispose [32]
                0.00    0.00       1/1           stack_Clear [31]
                0.00    0.00       1/969         slist_Dispose <cycle 1> [6]
-----------------------------------------------
                0.00    0.00       1/1           main [47]
[33]     0.0    0.00    0.00       1         stack_Init [33]
                0.00    0.00       1/333         slist_Init [7]
-----------------------------------------------

 This table describes the call tree of the program, and was sorted by
 the total amount of time spent in each function and its children.

 Each entry in this table consists of several lines.  The line with the
 index number at the left hand margin lists the current function.
 The lines above it list the functions that called this function,
 and the lines below it list the functions this one called.
 This line lists:
     index	A unique number given to each element of the table.
		Index numbers are sorted numerically.
		The index number is printed next to every function name so
		it is easier to look up where the function is in the table.

     % time	This is the percentage of the `total' time that was spent
		in this function and its children.  Note that due to
		different viewpoints, functions excluded by options, etc,
		these numbers will NOT add up to 100%.

     self	This is the total amount of time spent in this function.

     children	This is the total amount of time propagated into this
		function by its children.

     called	This is the number of times the function was called.
		If the function called itself recursively, the number
		only includes non-recursive calls, and is followed by
		a `+' and the number of recursive calls.

     name	The name of the current function.  The index number is
		printed after it.  If the function is a member of a
		cycle, the cycle number is printed between the
		function's name and the index number.


 For the function's parents, the fields have the following meanings:

     self	This is the amount of time that was propagated directly
		from the function into this parent.

     children	This is the amount of time that was propagated from
		the function's children into this parent.

     called	This is the number of times this parent called the
		function `/' the total number of times the function
		was called.  Recursive calls to the function are not
		included in the number after the `/'.

     name	This is the name of the parent.  The parent's index
		number is printed after it.  If the parent is a
		member of a cycle, the cycle number is printed between
		the name and the index number.

 If the parents of the function cannot be determined, the word
 `<spontaneous>' is printed in the `name' field, and all the other
 fields are blank.

 For the function's children, the fields have the following meanings:

     self	This is the amount of time that was propagated directly
		from the child into the function.

     children	This is the amount of time that was propagated from the
		child's children to the function.

     called	This is the number of times the function called
		this child `/' the total number of times the child
		was called.  Recursive calls by the child are not
		listed in the number after the `/'.

     name	This is the name of the child.  The child's index
		number is printed after it.  If the child is a
		member of a cycle, the cycle number is printed
		between the name and the index number.

 If there are any cycles (circles) in the call graph, there is an
 entry for the cycle-as-a-whole.  This entry shows who called the
 cycle (as parents) and the members of the cycle (as children.)
 The `+' recursive calls entry shows the number of function calls that
 were internal to the cycle, and the calls entry for each member shows,
 for that member, how many times it was called from other members of
 the cycle.


Index by function name

  [23] doOperation            [27] lnum_Print             [20] slist_Remove
  [17] lnum_Clear             [24] lnum_Sum                [8] slist_Revert
  [16] lnum_CloneDelegate     [28] memFree                 [5] slist_RevertTo
  [10] lnum_DigitAdd          [12] printDigit             [31] stack_Clear
  [25] lnum_DigitsMultLongLong [29] printStack            [32] stack_Dispose
  [13] lnum_DigitsMultLongShort [3] slist_Add             [33] stack_Init
  [11] lnum_DigitsSum          [4] slist_Clear            [21] stack_Pop
  [14] lnum_Dispose            [9] slist_CopyTo           [19] stack_Push
  [18] lnum_DisposeDelegate    [6] slist_Dispose          [22] stack_Top
  [15] lnum_Init              [30] slist_Foreach           [1] <cycle 1>
  [26] lnum_Mult               [7] slist_Init              [2] <cycle 2>
